<?xml version="1.0" encoding="UTF-8"?>
<testsuite xmlns:xsi="http://www.w3.org/2001/XMLSchema-instance" xsi:noNamespaceSchemaLocation="https://maven.apache.org/surefire/maven-surefire-plugin/xsd/surefire-test-report.xsd" version="3.0.2" name="br.com.pedro.credito.repositories.CreditoRepositoryTest" time="4.035" tests="8" errors="0" skipped="0" failures="0">
  <properties>
[...]
</properties>
  <testcase name="findOneByNumeroCreditoInvalidoTest" classname="br.com.pedro.credito.repositories.CreditoRepositoryTest" time="0.274">
    <system-out><![CDATA[2025-03-12T00:57:14.110-03:00  INFO 630207 --- [credito] [           main] o.t.utility.ImageNameSubstitutor         : Image name substitution will be performed by: DefaultImageNameSubstitutor (composite of 'ConfigurationFileImageNameSubstitutor' and 'PrefixingImageNameSubstitutor')
2025-03-12T00:57:14.238-03:00  INFO 630207 --- [credito] [           main] o.t.d.DockerClientProviderStrategy       : Loaded org.testcontainers.dockerclient.UnixSocketClientProviderStrategy from ~/.testcontainers.properties, will try it first
2025-03-12T00:57:14.550-03:00  INFO 630207 --- [credito] [           main] o.t.d.DockerClientProviderStrategy       : Found Docker environment with local Unix socket (unix:///var/run/docker.sock)
2025-03-12T00:57:14.552-03:00  INFO 630207 --- [credito] [           main] org.testcontainers.DockerClientFactory   : Docker host IP address is localhost
2025-03-12T00:57:14.570-03:00  INFO 630207 --- [credito] [           main] org.testcontainers.DockerClientFactory   : Connected to docker: 
  Server Version: 28.0.1
  API Version: 1.48
  Operating System: Pop!_OS 22.04 LTS
  Total Memory: 23901 MB
2025-03-12T00:57:14.602-03:00  INFO 630207 --- [credito] [           main] tc.testcontainers/ryuk:0.4.0             : Creating container for image: testcontainers/ryuk:0.4.0
2025-03-12T00:57:14.608-03:00  INFO 630207 --- [credito] [           main] o.t.utility.RegistryAuthLocator          : Failure when attempting to lookup auth config. Please ignore if you don't have images in an authenticated registry. Details: (dockerImageName: testcontainers/ryuk:0.4.0, configFile: /home/pedro/.docker/config.json, configEnv: DOCKER_AUTH_CONFIG). Falling back to docker-java default behaviour. Exception message: Status 404: No config supplied. Checked in order: /home/pedro/.docker/config.json (file not found), DOCKER_AUTH_CONFIG (not set)
2025-03-12T00:57:14.729-03:00  INFO 630207 --- [credito] [           main] tc.testcontainers/ryuk:0.4.0             : Container testcontainers/ryuk:0.4.0 is starting: 1f91d7133dfeb12668d1a82e0bc6477fbdf18d6596edadea9067a8432970033c
2025-03-12T00:57:14.942-03:00  INFO 630207 --- [credito] [           main] tc.testcontainers/ryuk:0.4.0             : Container testcontainers/ryuk:0.4.0 started in PT0.360941914S
2025-03-12T00:57:14.945-03:00  INFO 630207 --- [credito] [           main] o.t.utility.RyukResourceReaper           : Ryuk started - will monitor and terminate Testcontainers containers on JVM exit
2025-03-12T00:57:14.945-03:00  INFO 630207 --- [credito] [           main] org.testcontainers.DockerClientFactory   : Checking the system...
2025-03-12T00:57:14.946-03:00  INFO 630207 --- [credito] [           main] org.testcontainers.DockerClientFactory   : ✔︎ Docker server version should be at least 1.6.0
2025-03-12T00:57:14.946-03:00  INFO 630207 --- [credito] [           main] tc.postgres:17.4-alpine                  : Creating container for image: postgres:17.4-alpine
2025-03-12T00:57:14.972-03:00  INFO 630207 --- [credito] [           main] tc.postgres:17.4-alpine                  : Container postgres:17.4-alpine is starting: e00a432ef58b80d6029a49f51d51389dcc61876242b980586c077e8e8784dfe2
2025-03-12T00:57:16.522-03:00  INFO 630207 --- [credito] [           main] tc.postgres:17.4-alpine                  : Container postgres:17.4-alpine started in PT1.575889682S
2025-03-12T00:57:16.523-03:00  INFO 630207 --- [credito] [           main] tc.postgres:17.4-alpine                  : Container is started (JDBC URL: jdbc:postgresql://localhost:32769/testdb?loggerLevel=OFF)
2025-03-12T00:57:16.525-03:00  INFO 630207 --- [credito] [           main] t.c.s.AnnotationConfigContextLoaderUtils : Could not detect default configuration classes for test class [br.com.pedro.credito.repositories.CreditoRepositoryTest]: CreditoRepositoryTest does not declare any static, non-private, non-final, nested classes annotated with @Configuration.
2025-03-12T00:57:16.532-03:00  INFO 630207 --- [credito] [           main] .b.t.c.SpringBootTestContextBootstrapper : Found @SpringBootConfiguration br.com.pedro.credito.CreditoApplication for test class br.com.pedro.credito.repositories.CreditoRepositoryTest

  .   ____          _            __ _ _
 /\\ / ___'_ __ _ _(_)_ __  __ _ \ \ \ \
( ( )\___ | '_ | '_| | '_ \/ _` | \ \ \ \
 \\/  ___)| |_)| | | | | || (_| |  ) ) ) )
  '  |____| .__|_| |_|_| |_\__, | / / / /
 =========|_|==============|___/=/_/_/_/

 :: Spring Boot ::                (v3.4.3)

2025-03-12T00:57:16.559-03:00  INFO 630207 --- [credito] [           main] b.c.p.c.r.CreditoRepositoryTest          : Starting CreditoRepositoryTest using Java 17.0.14 with PID 630207 (started by pedro in /home/pedro/Solipy/api-credito)
2025-03-12T00:57:16.559-03:00  INFO 630207 --- [credito] [           main] b.c.p.c.r.CreditoRepositoryTest          : No active profile set, falling back to 1 default profile: "default"
2025-03-12T00:57:16.700-03:00  INFO 630207 --- [credito] [           main] .s.d.r.c.RepositoryConfigurationDelegate : Bootstrapping Spring Data JPA repositories in DEFAULT mode.
2025-03-12T00:57:16.709-03:00  INFO 630207 --- [credito] [           main] .s.d.r.c.RepositoryConfigurationDelegate : Finished Spring Data repository scanning in 7 ms. Found 1 JPA repository interface.
2025-03-12T00:57:16.881-03:00  INFO 630207 --- [credito] [           main] o.s.b.w.embedded.tomcat.TomcatWebServer  : Tomcat initialized with port 0 (http)
2025-03-12T00:57:16.895-03:00  INFO 630207 --- [credito] [           main] o.apache.catalina.core.StandardService   : Starting service [Tomcat]
2025-03-12T00:57:16.895-03:00  INFO 630207 --- [credito] [           main] o.apache.catalina.core.StandardEngine    : Starting Servlet engine: [Apache Tomcat/10.1.36]
2025-03-12T00:57:16.929-03:00  INFO 630207 --- [credito] [           main] o.a.c.c.C.[Tomcat].[localhost].[/]       : Initializing Spring embedded WebApplicationContext
2025-03-12T00:57:16.930-03:00  INFO 630207 --- [credito] [           main] w.s.c.ServletWebServerApplicationContext : Root WebApplicationContext: initialization completed in 369 ms
2025-03-12T00:57:16.998-03:00  INFO 630207 --- [credito] [           main] o.hibernate.jpa.internal.util.LogHelper  : HHH000204: Processing PersistenceUnitInfo [name: default]
2025-03-12T00:57:17.000-03:00  INFO 630207 --- [credito] [           main] o.h.c.internal.RegionFactoryInitiator    : HHH000026: Second-level cache disabled
2025-03-12T00:57:17.010-03:00  INFO 630207 --- [credito] [           main] o.s.o.j.p.SpringPersistenceUnitInfo      : No LoadTimeWeaver setup: ignoring JPA class transformer
2025-03-12T00:57:17.011-03:00  INFO 630207 --- [credito] [           main] com.zaxxer.hikari.HikariDataSource       : HikariConnectionPool - Starting...
2025-03-12T00:57:17.029-03:00  INFO 630207 --- [credito] [           main] com.zaxxer.hikari.pool.HikariPool        : HikariConnectionPool - Added connection org.postgresql.jdbc.PgConnection@3abe8714
2025-03-12T00:57:17.030-03:00  INFO 630207 --- [credito] [           main] com.zaxxer.hikari.HikariDataSource       : HikariConnectionPool - Start completed.
2025-03-12T00:57:17.034-03:00  WARN 630207 --- [credito] [           main] org.hibernate.orm.deprecation            : HHH90000025: PostgreSQLDialect does not need to be specified explicitly using 'hibernate.dialect' (remove the property setting and it will be selected by default)
2025-03-12T00:57:17.036-03:00  INFO 630207 --- [credito] [           main] org.hibernate.orm.connections.pooling    : HHH10001005: Database info:
	Database JDBC URL [Connecting through datasource 'HikariDataSource (HikariConnectionPool)']
	Database driver: undefined/unknown
	Database version: 17.4
	Autocommit mode: undefined/unknown
	Isolation level: undefined/unknown
	Minimum pool size: undefined/unknown
	Maximum pool size: undefined/unknown
2025-03-12T00:57:17.074-03:00  INFO 630207 --- [credito] [           main] o.h.e.t.j.p.i.JtaPlatformInitiator       : HHH000489: No JTA platform available (set 'hibernate.transaction.jta.platform' to enable JTA platform integration)
Hibernate: set client_min_messages = WARNING
Hibernate: drop table if exists public.credito cascade
Hibernate: create table public.credito (aliquota numeric(38,2), base_calculo numeric(38,2), data_constituicao date, simples_nacional boolean, valor_deducao numeric(38,2), valor_faturado numeric(38,2), valor_issqn numeric(38,2), id bigint generated by default as identity, numero_credito varchar(255), numero_nfse varchar(255), tipo_credito varchar(255), primary key (id))
2025-03-12T00:57:17.105-03:00  INFO 630207 --- [credito] [           main] j.LocalContainerEntityManagerFactoryBean : Initialized JPA EntityManagerFactory for persistence unit 'default'
2025-03-12T00:57:17.150-03:00  WARN 630207 --- [credito] [           main] .s.s.UserDetailsServiceAutoConfiguration : 

Using generated security password: 36f3ab1d-dc74-401f-9ce4-7959d0d2358d

This generated password is for development use only. Your security configuration must be updated before running your application in production.

2025-03-12T00:57:17.151-03:00  INFO 630207 --- [credito] [           main] r$InitializeUserDetailsManagerConfigurer : Global AuthenticationManager configured with UserDetailsService bean with name inMemoryUserDetailsManager
2025-03-12T00:57:17.416-03:00  INFO 630207 --- [credito] [           main] o.s.b.w.embedded.tomcat.TomcatWebServer  : Tomcat started on port 45691 (http) with context path '/'
2025-03-12T00:57:17.420-03:00  INFO 630207 --- [credito] [           main] b.c.p.c.r.CreditoRepositoryTest          : Started CreditoRepositoryTest in 0.885 seconds (process running for 8.202)
Hibernate: insert into public.credito (aliquota,base_calculo,data_constituicao,numero_credito,numero_nfse,simples_nacional,tipo_credito,valor_deducao,valor_faturado,valor_issqn) values (?,?,?,?,?,?,?,?,?,?)
Hibernate: SELECT c.* FROM credito c WHERE c.numero_credito =? LIMIT 1
Hibernate: select c1_0.id,c1_0.aliquota,c1_0.base_calculo,c1_0.data_constituicao,c1_0.numero_credito,c1_0.numero_nfse,c1_0.simples_nacional,c1_0.tipo_credito,c1_0.valor_deducao,c1_0.valor_faturado,c1_0.valor_issqn from public.credito c1_0
Hibernate: delete from public.credito where id=?
]]></system-out>
  </testcase>
  <testcase name="findAllByNumeroNfseVazioTest" classname="br.com.pedro.credito.repositories.CreditoRepositoryTest" time="0.057">
    <system-out><![CDATA[Hibernate: insert into public.credito (aliquota,base_calculo,data_constituicao,numero_credito,numero_nfse,simples_nacional,tipo_credito,valor_deducao,valor_faturado,valor_issqn) values (?,?,?,?,?,?,?,?,?,?)
Hibernate: select c1_0.id,c1_0.aliquota,c1_0.base_calculo,c1_0.data_constituicao,c1_0.numero_credito,c1_0.numero_nfse,c1_0.simples_nacional,c1_0.tipo_credito,c1_0.valor_deducao,c1_0.valor_faturado,c1_0.valor_issqn from public.credito c1_0 where c1_0.numero_nfse=?
Hibernate: select c1_0.id,c1_0.aliquota,c1_0.base_calculo,c1_0.data_constituicao,c1_0.numero_credito,c1_0.numero_nfse,c1_0.simples_nacional,c1_0.tipo_credito,c1_0.valor_deducao,c1_0.valor_faturado,c1_0.valor_issqn from public.credito c1_0
Hibernate: delete from public.credito where id=?
]]></system-out>
  </testcase>
  <testcase name="findOneByNumeroCreditoIncorretoTest" classname="br.com.pedro.credito.repositories.CreditoRepositoryTest" time="0.023">
    <system-out><![CDATA[Hibernate: insert into public.credito (aliquota,base_calculo,data_constituicao,numero_credito,numero_nfse,simples_nacional,tipo_credito,valor_deducao,valor_faturado,valor_issqn) values (?,?,?,?,?,?,?,?,?,?)
Hibernate: SELECT c.* FROM credito c WHERE c.numero_credito =? LIMIT 1
Hibernate: select c1_0.id,c1_0.aliquota,c1_0.base_calculo,c1_0.data_constituicao,c1_0.numero_credito,c1_0.numero_nfse,c1_0.simples_nacional,c1_0.tipo_credito,c1_0.valor_deducao,c1_0.valor_faturado,c1_0.valor_issqn from public.credito c1_0
Hibernate: delete from public.credito where id=?
]]></system-out>
  </testcase>
  <testcase name="findAllByNumeroNfseInvalidoTest" classname="br.com.pedro.credito.repositories.CreditoRepositoryTest" time="0.015">
    <system-out><![CDATA[Hibernate: insert into public.credito (aliquota,base_calculo,data_constituicao,numero_credito,numero_nfse,simples_nacional,tipo_credito,valor_deducao,valor_faturado,valor_issqn) values (?,?,?,?,?,?,?,?,?,?)
Hibernate: select c1_0.id,c1_0.aliquota,c1_0.base_calculo,c1_0.data_constituicao,c1_0.numero_credito,c1_0.numero_nfse,c1_0.simples_nacional,c1_0.tipo_credito,c1_0.valor_deducao,c1_0.valor_faturado,c1_0.valor_issqn from public.credito c1_0 where c1_0.numero_nfse is null
Hibernate: select c1_0.id,c1_0.aliquota,c1_0.base_calculo,c1_0.data_constituicao,c1_0.numero_credito,c1_0.numero_nfse,c1_0.simples_nacional,c1_0.tipo_credito,c1_0.valor_deducao,c1_0.valor_faturado,c1_0.valor_issqn from public.credito c1_0
Hibernate: delete from public.credito where id=?
]]></system-out>
  </testcase>
  <testcase name="findAllByNumeroNfseTest" classname="br.com.pedro.credito.repositories.CreditoRepositoryTest" time="0.018">
    <system-out><![CDATA[Hibernate: insert into public.credito (aliquota,base_calculo,data_constituicao,numero_credito,numero_nfse,simples_nacional,tipo_credito,valor_deducao,valor_faturado,valor_issqn) values (?,?,?,?,?,?,?,?,?,?)
Hibernate: select c1_0.id,c1_0.aliquota,c1_0.base_calculo,c1_0.data_constituicao,c1_0.numero_credito,c1_0.numero_nfse,c1_0.simples_nacional,c1_0.tipo_credito,c1_0.valor_deducao,c1_0.valor_faturado,c1_0.valor_issqn from public.credito c1_0 where c1_0.numero_nfse=?
Hibernate: select c1_0.id,c1_0.aliquota,c1_0.base_calculo,c1_0.data_constituicao,c1_0.numero_credito,c1_0.numero_nfse,c1_0.simples_nacional,c1_0.tipo_credito,c1_0.valor_deducao,c1_0.valor_faturado,c1_0.valor_issqn from public.credito c1_0
Hibernate: delete from public.credito where id=?
]]></system-out>
  </testcase>
  <testcase name="findAllByNumeroNfseIncorretoTest" classname="br.com.pedro.credito.repositories.CreditoRepositoryTest" time="0.016">
    <system-out><![CDATA[Hibernate: insert into public.credito (aliquota,base_calculo,data_constituicao,numero_credito,numero_nfse,simples_nacional,tipo_credito,valor_deducao,valor_faturado,valor_issqn) values (?,?,?,?,?,?,?,?,?,?)
Hibernate: select c1_0.id,c1_0.aliquota,c1_0.base_calculo,c1_0.data_constituicao,c1_0.numero_credito,c1_0.numero_nfse,c1_0.simples_nacional,c1_0.tipo_credito,c1_0.valor_deducao,c1_0.valor_faturado,c1_0.valor_issqn from public.credito c1_0 where c1_0.numero_nfse=?
Hibernate: select c1_0.id,c1_0.aliquota,c1_0.base_calculo,c1_0.data_constituicao,c1_0.numero_credito,c1_0.numero_nfse,c1_0.simples_nacional,c1_0.tipo_credito,c1_0.valor_deducao,c1_0.valor_faturado,c1_0.valor_issqn from public.credito c1_0
Hibernate: delete from public.credito where id=?
]]></system-out>
  </testcase>
  <testcase name="findOneByNumeroCreditoVazioTest" classname="br.com.pedro.credito.repositories.CreditoRepositoryTest" time="0.015">
    <system-out><![CDATA[Hibernate: insert into public.credito (aliquota,base_calculo,data_constituicao,numero_credito,numero_nfse,simples_nacional,tipo_credito,valor_deducao,valor_faturado,valor_issqn) values (?,?,?,?,?,?,?,?,?,?)
Hibernate: SELECT c.* FROM credito c WHERE c.numero_credito =? LIMIT 1
Hibernate: select c1_0.id,c1_0.aliquota,c1_0.base_calculo,c1_0.data_constituicao,c1_0.numero_credito,c1_0.numero_nfse,c1_0.simples_nacional,c1_0.tipo_credito,c1_0.valor_deducao,c1_0.valor_faturado,c1_0.valor_issqn from public.credito c1_0
Hibernate: delete from public.credito where id=?
]]></system-out>
  </testcase>
  <testcase name="findOneByNumeroCreditoTest" classname="br.com.pedro.credito.repositories.CreditoRepositoryTest" time="0.015">
    <system-out><![CDATA[Hibernate: insert into public.credito (aliquota,base_calculo,data_constituicao,numero_credito,numero_nfse,simples_nacional,tipo_credito,valor_deducao,valor_faturado,valor_issqn) values (?,?,?,?,?,?,?,?,?,?)
Hibernate: SELECT c.* FROM credito c WHERE c.numero_credito =? LIMIT 1
Hibernate: select c1_0.id,c1_0.aliquota,c1_0.base_calculo,c1_0.data_constituicao,c1_0.numero_credito,c1_0.numero_nfse,c1_0.simples_nacional,c1_0.tipo_credito,c1_0.valor_deducao,c1_0.valor_faturado,c1_0.valor_issqn from public.credito c1_0
Hibernate: delete from public.credito where id=?
]]></system-out>
  </testcase>
</testsuite>